# JRE version: Java(TM) SE Runtime Environment (8.0_231-b11) (build 1.8.0_231-b11)
# Java VM: Java HotSpot(TM) 64-Bit Server VM (25.231-b11 mixed mode linux-amd64 compressed oops)
Heap:
 PSYoungGen      total 541696K, used 16849K [0x00000000d7300000, 0x0000000100000000, 0x0000000100000000)
  eden space 503296K, 0% used [0x00000000d7300000,0x00000000d7300000,0x00000000f5e80000)
  from space 38400K, 43% used [0x00000000f5e80000,0x00000000f6ef44d0,0x00000000f8400000)
  to   space 70144K, 0% used [0x00000000fbb80000,0x00000000fbb80000,0x0000000100000000)
 ParOldGen       total 230400K, used 230352K [0x0000000085800000, 0x0000000093900000, 0x00000000d7300000)
  object space 230400K, 99% used [0x0000000085800000,0x00000000938f41e0,0x0000000093900000)
 Metaspace       used 21311K, capacity 22568K, committed 22912K, reserved 1069056K
  class space    used 3118K, capacity 3377K, committed 3456K, reserved 1048576K
GC Heap History (10 events):
Event: 21.654 GC heap after
Heap after GC invocations=21 (full 3):
 PSYoungGen      total 444928K, used 21984K [0x00000000d7300000, 0x00000000f6f00000, 0x0000000100000000)
  eden space 422912K, 0% used [0x00000000d7300000,0x00000000d7300000,0x00000000f1000000)
  from space 22016K, 99% used [0x00000000f5980000,0x00000000f6ef8010,0x00000000f6f00000)
  to   space 31232K, 0% used [0x00000000f3200000,0x00000000f3200000,0x00000000f5080000)
 ParOldGen       total 159232K, used 109495K [0x0000000085800000, 0x000000008f380000, 0x00000000d7300000)
  object space 159232K, 68% used [0x0000000085800000,0x000000008c2edcf8,0x000000008f380000)
 Metaspace       used 21302K, capacity 22568K, committed 22912K, reserved 1069056K
  class space    used 3117K, capacity 3377K, committed 3456K, reserved 1048576K
}
Event: 21.841 GC heap before
{Heap before GC invocations=22 (full 3):
 PSYoungGen      total 444928K, used 444896K [0x00000000d7300000, 0x00000000f6f00000, 0x0000000100000000)
  eden space 422912K, 100% used [0x00000000d7300000,0x00000000f1000000,0x00000000f1000000)
  from space 22016K, 99% used [0x00000000f5980000,0x00000000f6ef8010,0x00000000f6f00000)
  to   space 31232K, 0% used [0x00000000f3200000,0x00000000f3200000,0x00000000f5080000)
 ParOldGen       total 159232K, used 109495K [0x0000000085800000, 0x000000008f380000, 0x00000000d7300000)
  object space 159232K, 68% used [0x0000000085800000,0x000000008c2edcf8,0x000000008f380000)
 Metaspace       used 21302K, capacity 22568K, committed 22912K, reserved 1069056K
  class space    used 3117K, capacity 3377K, committed 3456K, reserved 1048576K
Event: 21.881 GC heap after
Heap after GC invocations=22 (full 3):
 PSYoungGen      total 488960K, used 22080K [0x00000000d7300000, 0x00000000fa400000, 0x0000000100000000)
  eden space 457728K, 0% used [0x00000000d7300000,0x00000000d7300000,0x00000000f3200000)
  from space 31232K, 70% used [0x00000000f3200000,0x00000000f4790000,0x00000000f5080000)
  to   space 32768K, 0% used [0x00000000f8400000,0x00000000f8400000,0x00000000fa400000)
 ParOldGen       total 159232K, used 139743K [0x0000000085800000, 0x000000008f380000, 0x00000000d7300000)
  object space 159232K, 87% used [0x0000000085800000,0x000000008e077d18,0x000000008f380000)
 Metaspace       used 21302K, capacity 22568K, committed 22912K, reserved 1069056K
  class space    used 3117K, capacity 3377K, committed 3456K, reserved 1048576K
}
Event: 21.881 GC heap before
{Heap before GC invocations=23 (full 4):
 PSYoungGen      total 488960K, used 22080K [0x00000000d7300000, 0x00000000fa400000, 0x0000000100000000)
  eden space 457728K, 0% used [0x00000000d7300000,0x00000000d7300000,0x00000000f3200000)
  from space 31232K, 70% used [0x00000000f3200000,0x00000000f4790000,0x00000000f5080000)
  to   space 32768K, 0% used [0x00000000f8400000,0x00000000f8400000,0x00000000fa400000)
 ParOldGen       total 159232K, used 139743K [0x0000000085800000, 0x000000008f380000, 0x00000000d7300000)
  object space 159232K, 87% used [0x0000000085800000,0x000000008e077d18,0x000000008f380000)
 Metaspace       used 21302K, capacity 22568K, committed 22912K, reserved 1069056K
  class space    used 3117K, capacity 3377K, committed 3456K, reserved 1048576K
Event: 22.301 GC heap after
Heap after GC invocations=23 (full 4):
 PSYoungGen      total 488960K, used 0K [0x00000000d7300000, 0x00000000fa400000, 0x0000000100000000)
  eden space 457728K, 0% used [0x00000000d7300000,0x00000000d7300000,0x00000000f3200000)
  from space 31232K, 0% used [0x00000000f3200000,0x00000000f3200000,0x00000000f5080000)
  to   space 32768K, 0% used [0x00000000f8400000,0x00000000f8400000,0x00000000fa400000)
 ParOldGen       total 230400K, used 137960K [0x0000000085800000, 0x0000000093900000, 0x00000000d7300000)
  object space 230400K, 59% used [0x0000000085800000,0x000000008deba0b0,0x0000000093900000)
 Metaspace       used 21302K, capacity 22568K, committed 22912K, reserved 1069056K
  class space    used 3117K, capacity 3377K, committed 3456K, reserved 1048576K
}
Event: 22.800 GC heap before
{Heap before GC invocations=24 (full 4):
 PSYoungGen      total 488960K, used 457728K [0x00000000d7300000, 0x00000000fa400000, 0x0000000100000000)
  eden space 457728K, 100% used [0x00000000d7300000,0x00000000f3200000,0x00000000f3200000)
  from space 31232K, 0% used [0x00000000f3200000,0x00000000f3200000,0x00000000f5080000)
  to   space 32768K, 0% used [0x00000000f8400000,0x00000000f8400000,0x00000000fa400000)
 ParOldGen       total 230400K, used 137960K [0x0000000085800000, 0x0000000093900000, 0x00000000d7300000)
  object space 230400K, 59% used [0x0000000085800000,0x000000008deba0b0,0x0000000093900000)
 Metaspace       used 21311K, capacity 22568K, committed 22912K, reserved 1069056K
  class space    used 3118K, capacity 3377K, committed 3456K, reserved 1048576K
Event: 22.840 GC heap after
Heap after GC invocations=24 (full 4):
 PSYoungGen      total 536064K, used 32736K [0x00000000d7300000, 0x00000000fbe00000, 0x0000000100000000)
  eden space 503296K, 0% used [0x00000000d7300000,0x00000000d7300000,0x00000000f5e80000)
  from space 32768K, 99% used [0x00000000f8400000,0x00000000fa3f8010,0x00000000fa400000)
  to   space 38400K, 0% used [0x00000000f5e80000,0x00000000f5e80000,0x00000000f8400000)
 ParOldGen       total 230400K, used 139408K [0x0000000085800000, 0x0000000093900000, 0x00000000d7300000)
  object space 230400K, 60% used [0x0000000085800000,0x000000008e0240b0,0x0000000093900000)
 Metaspace       used 21311K, capacity 22568K, committed 22912K, reserved 1069056K
  class space    used 3118K, capacity 3377K, committed 3456K, reserved 1048576K
}
Event: 23.141 GC heap before
{Heap before GC invocations=25 (full 4):
 PSYoungGen      total 536064K, used 536032K [0x00000000d7300000, 0x00000000fbe00000, 0x0000000100000000)
  eden space 503296K, 100% used [0x00000000d7300000,0x00000000f5e80000,0x00000000f5e80000)
  from space 32768K, 99% used [0x00000000f8400000,0x00000000fa3f8010,0x00000000fa400000)
  to   space 38400K, 0% used [0x00000000f5e80000,0x00000000f5e80000,0x00000000f8400000)
 ParOldGen       total 230400K, used 139408K [0x0000000085800000, 0x0000000093900000, 0x00000000d7300000)
  object space 230400K, 60% used [0x0000000085800000,0x000000008e0240b0,0x0000000093900000)
 Metaspace       used 21311K, capacity 22568K, committed 22912K, reserved 1069056K
  class space    used 3118K, capacity 3377K, committed 3456K, reserved 1048576K
Event: 23.215 GC heap after
Heap after GC invocations=25 (full 4):
 PSYoungGen      total 541696K, used 38368K [0x00000000d7300000, 0x0000000100000000, 0x0000000100000000)
  eden space 503296K, 0% used [0x00000000d7300000,0x00000000d7300000,0x00000000f5e80000)
  from space 38400K, 99% used [0x00000000f5e80000,0x00000000f83f8010,0x00000000f8400000)
  to   space 70144K, 0% used [0x00000000fbb80000,0x00000000fbb80000,0x0000000100000000)
 ParOldGen       total 230400K, used 209224K [0x0000000085800000, 0x0000000093900000, 0x00000000d7300000)
  object space 230400K, 90% used [0x0000000085800000,0x00000000924520d0,0x0000000093900000)
 Metaspace       used 21311K, capacity 22568K, committed 22912K, reserved 1069056K
  class space    used 3118K, capacity 3377K, committed 3456K, reserved 1048576K
}
Event: 23.215 GC heap before
{Heap before GC invocations=26 (full 5):
 PSYoungGen      total 541696K, used 38368K [0x00000000d7300000, 0x0000000100000000, 0x0000000100000000)
  eden space 503296K, 0% used [0x00000000d7300000,0x00000000d7300000,0x00000000f5e80000)
  from space 38400K, 99% used [0x00000000f5e80000,0x00000000f83f8010,0x00000000f8400000)
  to   space 70144K, 0% used [0x00000000fbb80000,0x00000000fbb80000,0x0000000100000000)
 ParOldGen       total 230400K, used 209224K [0x0000000085800000, 0x0000000093900000, 0x00000000d7300000)
  object space 230400K, 90% used [0x0000000085800000,0x00000000924520d0,0x0000000093900000)
 Metaspace       used 21311K, capacity 22568K, committed 22912K, reserved 1069056K
  class space    used 3118K, capacity 3377K, committed 3456K, reserved 1048576K

